[     359ms] [LOG] [Fast Refresh] rebuilding @ http://localhost:3000/_next/static/chunks/0vrh_next_dist_0mhvqyt._.js:2477
[     817ms] [LOG] [Fast Refresh] done in 558ms @ http://localhost:3000/_next/static/chunks/0vrh_next_dist_0mhvqyt._.js:2477
[    1710ms] [LOG] [HMR] connected @ http://localhost:3000/_next/static/chunks/0vrh_next_dist_0mhvqyt._.js:2477
[    1998ms] [LOG] Element Cloner content script loaded @ chrome-extension://obpjaonipoaomjnokbimppohbpjibflm/assets/injector-main.js-Byfhq6om.js:834
[    2008ms] [LOG] [Fast Refresh] rebuilding @ http://localhost:3000/_next/static/chunks/0vrh_next_dist_0mhvqyt._.js:2477
[    2110ms] [LOG] [Fast Refresh] done in 205ms @ http://localhost:3000/_next/static/chunks/0vrh_next_dist_0mhvqyt._.js:2477
[  148545ms] [LOG] [Fast Refresh] rebuilding @ http://localhost:3000/_next/static/chunks/0vrh_next_dist_0mhvqyt._.js:2477
[  148741ms] [LOG] [Fast Refresh] done in 299ms @ http://localhost:3000/_next/static/chunks/0vrh_next_dist_0mhvqyt._.js:2477
[  166135ms] [LOG] [Fast Refresh] rebuilding @ http://localhost:3000/_next/static/chunks/0vrh_next_dist_0mhvqyt._.js:2477
[  166400ms] [LOG] [Fast Refresh] done in 367ms @ http://localhost:3000/_next/static/chunks/0vrh_next_dist_0mhvqyt._.js:2477
[  166906ms] [LOG] [Fast Refresh] rebuilding @ http://localhost:3000/_next/static/chunks/0vrh_next_dist_0mhvqyt._.js:2477
[  167090ms] [LOG] [Fast Refresh] done in 284ms @ http://localhost:3000/_next/static/chunks/0vrh_next_dist_0mhvqyt._.js:2477
[  168283ms] [LOG] [Fast Refresh] rebuilding @ http://localhost:3000/_next/static/chunks/0vrh_next_dist_0mhvqyt._.js:2477
[  168553ms] [LOG] [Fast Refresh] done in 370ms @ http://localhost:3000/_next/static/chunks/0vrh_next_dist_0mhvqyt._.js:2477
[  175242ms] [LOG] [Fast Refresh] rebuilding @ http://localhost:3000/_next/static/chunks/0vrh_next_dist_0mhvqyt._.js:2477
[  175362ms] [LOG] [Fast Refresh] done in 155ms @ http://localhost:3000/_next/static/chunks/0vrh_next_dist_0mhvqyt._.js:2477
[  175857ms] [LOG] [Fast Refresh] rebuilding @ http://localhost:3000/_next/static/chunks/0vrh_next_dist_0mhvqyt._.js:2477
[  176530ms] [LOG] [Fast Refresh] done in 774ms @ http://localhost:3000/_next/static/chunks/0vrh_next_dist_0mhvqyt._.js:2477
[  182494ms] [LOG] [Fast Refresh] rebuilding @ http://localhost:3000/_next/static/chunks/0vrh_next_dist_0mhvqyt._.js:2477
[  182555ms] [LOG] [Fast Refresh] done in 163ms @ http://localhost:3000/_next/static/chunks/0vrh_next_dist_0mhvqyt._.js:2477
[  188496ms] [LOG] [Fast Refresh] rebuilding @ http://localhost:3000/_next/static/chunks/0vrh_next_dist_0mhvqyt._.js:2477
[  189108ms] [LOG] [Fast Refresh] done in 659ms @ http://localhost:3000/_next/static/chunks/0vrh_next_dist_0mhvqyt._.js:2477
[  196382ms] [LOG] [Fast Refresh] rebuilding @ http://localhost:3000/_next/static/chunks/0vrh_next_dist_0mhvqyt._.js:2477
[  196574ms] [LOG] [Fast Refresh] done in 56ms @ http://localhost:3000/_next/static/chunks/0vrh_next_dist_0mhvqyt._.js:2477
[  210383ms] [LOG] [Fast Refresh] rebuilding @ http://localhost:3000/_next/static/chunks/0vrh_next_dist_0mhvqyt._.js:2477
[  210412ms] [LOG] [Fast Refresh] done in 131ms @ http://localhost:3000/_next/static/chunks/0vrh_next_dist_0mhvqyt._.js:2477
